Flow report for PCIe_CV
Sun Oct 29 14:56:41 2017
Quartus Prime Version 17.0.0 Build 595 04/25/2017 SJ Lite Edition


---------------------
; Table of Contents ;
---------------------
  1. Legal Notice
  2. Flow Summary
  3. Flow Settings
  4. Flow Non-Default Global Settings
  5. Flow Elapsed Time
  6. Flow OS Summary
  7. Flow Log
  8. Flow Messages
  9. Flow Suppressed Messages



----------------
; Legal Notice ;
----------------
Copyright (C) 2017  Intel Corporation. All rights reserved.
Your use of Intel Corporation's design tools, logic functions 
and other software and tools, and its AMPP partner logic 
functions, and any output files from any of the foregoing 
(including device programming or simulation files), and any 
associated documentation or information are expressly subject 
to the terms and conditions of the Intel Program License 
Subscription Agreement, the Intel Quartus Prime License Agreement,
the Intel MegaCore Function License Agreement, or other 
applicable license agreement, including, without limitation, 
that your use is for the sole purpose of programming logic 
devices manufactured by Intel and sold by Intel or its 
authorized distributors.  Please refer to the applicable 
agreement for further details.



+-------------------------------------------------------------------------------+
; Flow Summary                                                                  ;
+---------------------------------+---------------------------------------------+
; Flow Status                     ; Successful - Sun Oct 29 14:56:16 2017       ;
; Quartus Prime Version           ; 17.0.0 Build 595 04/25/2017 SJ Lite Edition ;
; Revision Name                   ; PCIe_CV                                     ;
; Top-level Entity Name           ; PCIe_CV                                     ;
; Family                          ; Cyclone V                                   ;
; Device                          ; 5CGXFC7C7F23C8                              ;
; Timing Models                   ; Final                                       ;
; Logic utilization (in ALMs)     ; 2,457 / 56,480 ( 4 % )                      ;
; Total registers                 ; 4073                                        ;
; Total pins                      ; 19 / 268 ( 7 % )                            ;
; Total virtual pins              ; 0                                           ;
; Total block memory bits         ; 61,280 / 7,024,640 ( < 1 % )                ;
; Total DSP Blocks                ; 0 / 156 ( 0 % )                             ;
; Total HSSI RX PCSs              ; 4 / 6 ( 67 % )                              ;
; Total HSSI PMA RX Deserializers ; 4 / 6 ( 67 % )                              ;
; Total HSSI TX PCSs              ; 4 / 6 ( 67 % )                              ;
; Total HSSI PMA TX Serializers   ; 4 / 6 ( 67 % )                              ;
; Total PLLs                      ; 5 / 13 ( 38 % )                             ;
; Total DLLs                      ; 0 / 4 ( 0 % )                               ;
+---------------------------------+---------------------------------------------+


+-----------------------------------------+
; Flow Settings                           ;
+-------------------+---------------------+
; Option            ; Setting             ;
+-------------------+---------------------+
; Start date & time ; 10/29/2017 14:52:13 ;
; Main task         ; Compilation         ;
; Revision Name     ; PCIe_CV             ;
+-------------------+---------------------+


+--------------------------------------------------------------------------------------------------------------------------------------------------+
; Flow Non-Default Global Settings                                                                                                                 ;
+-------------------------------------+----------------------------------------------------------------+---------------+--------------+------------+
; Assignment Name                     ; Value                                                          ; Default Value ; Entity Name  ; Section Id ;
+-------------------------------------+----------------------------------------------------------------+---------------+--------------+------------+
; COMPILER_SIGNATURE_ID               ; 123532109537029.150931393217436                                ; --            ; --           ; --         ;
; MAX_CORE_JUNCTION_TEMP              ; 85                                                             ; --            ; --           ; --         ;
; MIN_CORE_JUNCTION_TEMP              ; 0                                                              ; --            ; --           ; --         ;
; MISC_FILE                           ; pcie_cv_qsys/synthesis/../pcie_cv_qsys.cmp                     ; --            ; --           ; --         ;
; MISC_FILE                           ; pcie_cv_qsys/synthesis/../../pcie_cv_qsys.qsys                 ; --            ; --           ; --         ;
; PARTITION_COLOR                     ; -- (Not supported for targeted family)                         ; --            ; --           ; Top        ;
; PARTITION_FITTER_PRESERVATION_LEVEL ; -- (Not supported for targeted family)                         ; --            ; --           ; Top        ;
; PARTITION_NETLIST_TYPE              ; -- (Not supported for targeted family)                         ; --            ; --           ; Top        ;
; POWER_BOARD_THERMAL_MODEL           ; None (CONSERVATIVE)                                            ; --            ; --           ; --         ;
; POWER_PRESET_COOLING_SOLUTION       ; 23 MM HEAT SINK WITH 200 LFPM AIRFLOW                          ; --            ; --           ; --         ;
; PROJECT_OUTPUT_DIRECTORY            ; output_files                                                   ; --            ; --           ; --         ;
; SLD_FILE                            ; pcie_cv_qsys/synthesis/pcie_cv_qsys.debuginfo                  ; --            ; --           ; --         ;
; SLD_INFO                            ; QSYS_NAME pcie_cv_qsys HAS_SOPCINFO 1 GENERATION_ID 1509313888 ; --            ; pcie_cv_qsys ; --         ;
; SOPCINFO_FILE                       ; pcie_cv_qsys/synthesis/../../pcie_cv_qsys.sopcinfo             ; --            ; --           ; --         ;
; SYNTHESIS_ONLY_QIP                  ; On                                                             ; --            ; --           ; --         ;
+-------------------------------------+----------------------------------------------------------------+---------------+--------------+------------+


+-------------------------------------------------------------------------------------------------------------------------------+
; Flow Elapsed Time                                                                                                             ;
+---------------------------+--------------+-------------------------+---------------------+------------------------------------+
; Module Name               ; Elapsed Time ; Average Processors Used ; Peak Virtual Memory ; Total CPU Time (on all processors) ;
+---------------------------+--------------+-------------------------+---------------------+------------------------------------+
; Analysis & Synthesis      ; 00:01:16     ; 1.0                     ; 1080 MB             ; 00:01:29                           ;
; Fitter                    ; 00:02:21     ; 1.2                     ; 2905 MB             ; 00:06:08                           ;
; Assembler                 ; 00:00:13     ; 1.0                     ; 778 MB              ; 00:00:12                           ;
; TimeQuest Timing Analyzer ; 00:00:21     ; 2.1                     ; 1380 MB             ; 00:00:39                           ;
; Total                     ; 00:04:11     ; --                      ; --                  ; 00:08:28                           ;
+---------------------------+--------------+-------------------------+---------------------+------------------------------------+


+-----------------------------------------------------------------------------------------+
; Flow OS Summary                                                                         ;
+---------------------------+------------------+------------+------------+----------------+
; Module Name               ; Machine Hostname ; OS Name    ; OS Version ; Processor type ;
+---------------------------+------------------+------------+------------+----------------+
; Analysis & Synthesis      ; PathmanComputer  ; Windows 10 ; 10.0       ; x86_64         ;
; Fitter                    ; PathmanComputer  ; Windows 10 ; 10.0       ; x86_64         ;
; Assembler                 ; PathmanComputer  ; Windows 10 ; 10.0       ; x86_64         ;
; TimeQuest Timing Analyzer ; PathmanComputer  ; Windows 10 ; 10.0       ; x86_64         ;
+---------------------------+------------------+------------+------------+----------------+


------------
; Flow Log ;
------------
quartus_map --read_settings_files=on --write_settings_files=off PCIe_CV -c PCIe_CV
quartus_fit --read_settings_files=off --write_settings_files=off PCIe_CV -c PCIe_CV
quartus_asm --read_settings_files=off --write_settings_files=off PCIe_CV -c PCIe_CV
quartus_sta PCIe_CV -c PCIe_CV



